<?xml version="1.0" encoding="UTF-8"?>
<!-- Generated by org.testng.reporters.JUnitXMLReporter -->
<testsuite ignored="0" hostname="LAPTOP-C1T1NBEB" failures="0" tests="11" name="Default test" time="0.3" errors="0" timestamp="2026-02-21T15:35:00 IST">
  <testcase classname="com.base.homecentre.Base_Test" name="@BeforeMethod openBrowser" time="-1.771668300188E9">
    <failure type="org.testng.TestNGException" message="
Parameter &amp;apos;Browser Name&amp;apos; is required by BeforeMethod on method openBrowser but has not been marked @Optional or defined
in C:\Users\HP\AppData\Local\Temp\testng-eclipse--1108591244\testng-customsuite.xml">
      <![CDATA[org.testng.TestNGException: 
Parameter 'Browser Name' is required by BeforeMethod on method openBrowser but has not been marked @Optional or defined
in C:\Users\HP\AppData\Local\Temp\testng-eclipse--1108591244\testng-customsuite.xml
at org.testng.internal.Parameters.createParams(Parameters.java:264)
at org.testng.internal.Parameters.createParametersForMethod(Parameters.java:352)
at org.testng.internal.Parameters.createParameters(Parameters.java:690)
at org.testng.internal.Parameters.createConfigurationParameters(Parameters.java:163)
at org.testng.internal.invokers.ConfigInvoker.invokeConfigurations(ConfigInvoker.java:313)
at org.testng.internal.invokers.TestInvoker.runConfigMethods(TestInvoker.java:833)
at org.testng.internal.invokers.TestInvoker.invokeMethod(TestInvoker.java:600)
at org.testng.internal.invokers.TestInvoker.invokeTestMethod(TestInvoker.java:230)
at org.testng.internal.invokers.MethodRunner.runInSequence(MethodRunner.java:63)
at org.testng.internal.invokers.TestInvoker$MethodInvocationAgent.invoke(TestInvoker.java:992)
at org.testng.internal.invokers.TestInvoker.invokeTestMethods(TestInvoker.java:203)
at org.testng.internal.invokers.TestMethodWorker.invokeTestMethods(TestMethodWorker.java:154)
at org.testng.internal.invokers.TestMethodWorker.run(TestMethodWorker.java:134)
at java.base/java.util.ArrayList.forEach(ArrayList.java:1596)
at org.testng.TestRunner.privateRun(TestRunner.java:739)
at org.testng.TestRunner.run(TestRunner.java:614)
at org.testng.SuiteRunner.runTest(SuiteRunner.java:421)
at org.testng.SuiteRunner.runSequentially(SuiteRunner.java:413)
at org.testng.SuiteRunner.privateRun(SuiteRunner.java:373)
at org.testng.SuiteRunner.run(SuiteRunner.java:312)
at org.testng.SuiteRunnerWorker.runSuite(SuiteRunnerWorker.java:52)
at org.testng.SuiteRunnerWorker.run(SuiteRunnerWorker.java:95)
at org.testng.TestNG.runSuitesSequentially(TestNG.java:1274)
at org.testng.TestNG.runSuitesLocally(TestNG.java:1208)
at org.testng.TestNG.runSuites(TestNG.java:1112)
at org.testng.TestNG.run(TestNG.java:1079)
at org.testng.remote.AbstractRemoteTestNG.run(AbstractRemoteTestNG.java:115)
at org.testng.remote.RemoteTestNG.initAndRun(RemoteTestNG.java:293)
at org.testng.remote.RemoteTestNG.main(RemoteTestNG.java:91)
]]>
    </failure>
  </testcase> <!-- @BeforeMethod openBrowser -->
  <testcase classname="com.base.homecentre.Base_Test" name="@AfterMethod teraDown" time="0.0">
    <skipped/>
  </testcase> <!-- @AfterMethod teraDown -->
  <testcase classname="com.base.homecentre.Base_Test" name="@BeforeMethod openBrowser" time="0.0">
    <skipped/>
  </testcase> <!-- @BeforeMethod openBrowser -->
  <testcase classname="com.base.homecentre.Base_Test" name="@AfterMethod teraDown" time="0.0">
    <skipped/>
  </testcase> <!-- @AfterMethod teraDown -->
  <testcase classname="com.base.homecentre.Base_Test" name="@BeforeMethod openBrowser" time="0.0">
    <skipped/>
  </testcase> <!-- @BeforeMethod openBrowser -->
  <testcase classname="com.base.homecentre.Base_Test" name="@AfterMethod teraDown" time="0.0">
    <skipped/>
  </testcase> <!-- @AfterMethod teraDown -->
  <testcase classname="com.base.homecentre.Base_Test" name="@BeforeMethod openBrowser" time="0.0">
    <skipped/>
  </testcase> <!-- @BeforeMethod openBrowser -->
  <testcase classname="com.base.homecentre.Base_Test" name="@AfterMethod teraDown" time="0.0">
    <skipped/>
  </testcase> <!-- @AfterMethod teraDown -->
  <testcase classname="com.base.homecentre.Base_Test" name="@BeforeMethod openBrowser" time="0.0">
    <skipped/>
  </testcase> <!-- @BeforeMethod openBrowser -->
  <testcase classname="com.base.homecentre.Base_Test" name="@AfterMethod teraDown" time="0.0">
    <skipped/>
  </testcase> <!-- @AfterMethod teraDown -->
  <testcase classname="com.base.homecentre.Base_Test" name="@BeforeMethod openBrowser" time="0.0">
    <skipped/>
  </testcase> <!-- @BeforeMethod openBrowser -->
  <testcase classname="com.base.homecentre.Base_Test" name="@AfterMethod teraDown" time="0.0">
    <skipped/>
  </testcase> <!-- @AfterMethod teraDown -->
  <testcase classname="com.base.homecentre.Base_Test" name="@BeforeMethod openBrowser" time="0.0">
    <skipped/>
  </testcase> <!-- @BeforeMethod openBrowser -->
  <testcase classname="com.base.homecentre.Base_Test" name="@AfterMethod teraDown" time="0.0">
    <skipped/>
  </testcase> <!-- @AfterMethod teraDown -->
  <testcase classname="com.base.homecentre.Base_Test" name="@BeforeMethod openBrowser" time="0.0">
    <skipped/>
  </testcase> <!-- @BeforeMethod openBrowser -->
  <testcase classname="com.base.homecentre.Base_Test" name="@AfterMethod teraDown" time="0.0">
    <skipped/>
  </testcase> <!-- @AfterMethod teraDown -->
  <testcase classname="com.base.homecentre.Base_Test" name="@BeforeMethod openBrowser" time="0.0">
    <skipped/>
  </testcase> <!-- @BeforeMethod openBrowser -->
  <testcase classname="com.base.homecentre.Base_Test" name="@AfterMethod teraDown" time="0.0">
    <skipped/>
  </testcase> <!-- @AfterMethod teraDown -->
  <testcase classname="com.base.homecentre.Base_Test" name="@BeforeMethod openBrowser" time="0.0">
    <skipped/>
  </testcase> <!-- @BeforeMethod openBrowser -->
  <testcase classname="com.base.homecentre.Base_Test" name="@AfterMethod teraDown" time="0.0">
    <skipped/>
  </testcase> <!-- @AfterMethod teraDown -->
  <testcase classname="com.base.homecentre.Base_Test" name="@BeforeMethod openBrowser" time="0.0">
    <skipped/>
  </testcase> <!-- @BeforeMethod openBrowser -->
  <testcase classname="com.base.homecentre.Base_Test" name="@AfterMethod teraDown" time="0.0">
    <skipped/>
  </testcase> <!-- @AfterMethod teraDown -->
  <testcase classname="com.homecenter.test_cases.BedroomKingMatressesTestcases" name="verifyBedroomModuleVisible" time="0.0">
    <skipped/>
  </testcase> <!-- verifyBedroomModuleVisible -->
  <testcase classname="com.homecenter.test_cases.BedroomKingMatressesTestcases" name="verifyBedroomSubCatogories" time="0.0">
    <skipped/>
  </testcase> <!-- verifyBedroomSubCatogories -->
  <testcase classname="com.homecenter.test_cases.BedroomKingMatressesTestcases" name="verifyMattressesMenuList" time="0.0">
    <skipped/>
  </testcase> <!-- verifyMattressesMenuList -->
  <testcase classname="com.homecenter.test_cases.BedroomKingMatressesTestcases" name="kingMattressesNavigation" time="0.0">
    <skipped/>
  </testcase> <!-- kingMattressesNavigation -->
  <testcase classname="com.homecenter.test_cases.BedroomKingMatressesTestcases" name="kingMattressesProduct" time="0.0">
    <skipped/>
  </testcase> <!-- kingMattressesProduct -->
  <testcase classname="com.homecenter.test_cases.BedroomKingMatressesTestcases" name="verifyKingMattresseProducts" time="0.0">
    <skipped/>
  </testcase> <!-- verifyKingMattresseProducts -->
  <testcase classname="com.homecenter.test_cases.BedroomKingMatressesTestcases" name="verifyProductDetailsOnPruductPage" time="0.0">
    <skipped/>
  </testcase> <!-- verifyProductDetailsOnPruductPage -->
  <testcase classname="com.homecenter.test_cases.BedroomKingMatressesTestcases" name="verifyAddToBasket" time="0.0">
    <skipped/>
  </testcase> <!-- verifyAddToBasket -->
  <testcase classname="com.homecenter.test_cases.BedroomKingMatressesTestcases" name="verifyMultipleProductsClickabilityForPage" time="0.0">
    <skipped/>
  </testcase> <!-- verifyMultipleProductsClickabilityForPage -->
  <testcase classname="com.homecenter.test_cases.BedroomKingMatressesTestcases" name="verifyCheckOutNowButtonVisibility" time="0.0">
    <skipped/>
  </testcase> <!-- verifyCheckOutNowButtonVisibility -->
  <testcase classname="com.homecenter.test_cases.BedroomKingMatressesTestcases" name="verifyCheckoutButtonClickability" time="0.0">
    <skipped/>
  </testcase> <!-- verifyCheckoutButtonClickability -->
</testsuite> <!-- Default test -->
