<?xml version="1.0" encoding="UTF-8"?>
<!-- Generated by org.testng.reporters.JUnitXMLReporter -->
<testsuite ignored="10" hostname="Sushil-Laptop" failures="0" tests="1" name="Default test" time="89.491" errors="0" timestamp="2025-11-15T16:29:36 IST">
  <testcase classname="com.homecenter.test_cases.BedroomTestcases" name="multiWindowHandle" time="84.194"/>
  <testcase classname="com.homecenter.test_cases.BedroomTestcases" name="verifyBedroomModuleVisible" time="0.0">
    <ignored/>
  </testcase> <!-- verifyBedroomModuleVisible -->
  <testcase classname="com.homecenter.test_cases.BedroomTestcases" name="verifyAddToBasket" time="0.0">
    <ignored/>
  </testcase> <!-- verifyAddToBasket -->
  <testcase classname="com.homecenter.test_cases.BedroomTestcases" name="verifyProductDetailsOnPruductPage" time="0.0">
    <ignored/>
  </testcase> <!-- verifyProductDetailsOnPruductPage -->
  <testcase classname="com.homecenter.test_cases.BedroomTestcases" name="kingMattressesProduct" time="0.0">
    <ignored/>
  </testcase> <!-- kingMattressesProduct -->
  <testcase classname="com.homecenter.test_cases.BedroomTestcases" name="verifyKingMattresseProducts" time="0.0">
    <ignored/>
  </testcase> <!-- verifyKingMattresseProducts -->
  <testcase classname="com.homecenter.test_cases.BedroomTestcases" name="kingMattressesNavigation" time="0.0">
    <ignored/>
  </testcase> <!-- kingMattressesNavigation -->
  <testcase classname="com.homecenter.test_cases.BedroomTestcases" name="verifyMultipleProductClickabilityForSinglePage" time="0.0">
    <ignored/>
  </testcase> <!-- verifyMultipleProductClickabilityForSinglePage -->
  <testcase classname="com.homecenter.test_cases.BedroomTestcases" name="verifyBedroomSubCatogories" time="0.0">
    <ignored/>
  </testcase> <!-- verifyBedroomSubCatogories -->
  <testcase classname="com.homecenter.test_cases.BedroomTestcases" name="verifyCheckOutNow" time="0.0">
    <ignored/>
  </testcase> <!-- verifyCheckOutNow -->
  <testcase classname="com.homecenter.test_cases.BedroomTestcases" name="verifyMattressesMenuList" time="0.0">
    <ignored/>
  </testcase> <!-- verifyMattressesMenuList -->
</testsuite> <!-- Default test -->
