<?xml version="1.0" encoding="UTF-8"?>
<testng-results ignored="0" total="1" passed="1" failed="0" skipped="0">
  <reporter-output>
  </reporter-output>
  <suite started-at="2025-11-15T16:28:07 IST" name="Default suite" finished-at="2025-11-15T16:29:36 IST" duration-ms="89491">
    <groups>
    </groups>
    <test started-at="2025-11-15T16:28:07 IST" name="Default test" finished-at="2025-11-15T16:29:36 IST" duration-ms="89491">
      <class name="com.homecenter.test_cases.BedroomTestcases">
        <test-method is-config="true" signature="openBrowser()[pri:0, instance:com.homecenter.test_cases.BedroomTestcases@3b809711]" started-at="2025-11-15T16:28:07 IST" name="openBrowser" finished-at="2025-11-15T16:28:11 IST" duration-ms="4240" status="PASS">
          <reporter-output>
          </reporter-output>
        </test-method> <!-- openBrowser -->
        <test-method signature="multiWindowHandle()[pri:0, instance:com.homecenter.test_cases.BedroomTestcases@3b809711]" started-at="2025-11-15T16:28:11 IST" name="multiWindowHandle" finished-at="2025-11-15T16:29:35 IST" duration-ms="84194" status="PASS">
          <reporter-output>
          </reporter-output>
        </test-method> <!-- multiWindowHandle -->
        <test-method is-config="true" signature="teraDown()[pri:0, instance:com.homecenter.test_cases.BedroomTestcases@3b809711]" started-at="2025-11-15T16:29:36 IST" name="teraDown" finished-at="2025-11-15T16:29:36 IST" duration-ms="832" status="PASS">
          <reporter-output>
          </reporter-output>
        </test-method> <!-- teraDown -->
      </class> <!-- com.homecenter.test_cases.BedroomTestcases -->
    </test> <!-- Default test -->
  </suite> <!-- Default suite -->
</testng-results>
